<?xml version="1.0" encoding="UTF-8"?>
<!-- Generated by org.testng.reporters.JUnitXMLReporter -->
<testsuite ignored="0" hostname="DESKTOP-210LHAF" failures="0" tests="3" name="Default test" time="28.456" errors="0" timestamp="2025-07-01T06:15:28 IST">
  <testcase classname="tests.FindTransactionModule" name="FindbyAmount" time="3.464"/>
  <testcase classname="tests.FindTransactionModule" name="FindbyDate" time="2.973"/>
  <testcase classname="tests.FindTransactionModule" name="FindbyFromandToDate" time="3.326"/>
</testsuite> <!-- Default test -->
