<?xml version="1.0" encoding="UTF-8"?>
<testng-results ignored="0" total="26" passed="25" failed="1" skipped="0">
  <reporter-output>
  </reporter-output>
  <suite started-at="2025-07-01T18:37:53 IST" name="Suite" finished-at="2025-07-01T18:41:25 IST" duration-ms="211902">
    <groups>
    </groups>
    <test started-at="2025-07-01T18:37:53 IST" name="Test" finished-at="2025-07-01T18:41:25 IST" duration-ms="211902">
      <class name="tests.RequestLoanModule">
        <test-method is-config="true" signature="setup()[pri:0, instance:tests.RequestLoanModule@18078bef]" started-at="2025-07-01T18:37:53 IST" name="setup" finished-at="2025-07-01T18:37:53 IST" duration-ms="1" status="PASS">
          <reporter-output>
          </reporter-output>
        </test-method> <!-- setup -->
        <test-method is-config="true" signature="testDeatils()[pri:0, instance:tests.RequestLoanModule@18078bef]" started-at="2025-07-01T18:40:48 IST" name="testDeatils" finished-at="2025-07-01T18:40:48 IST" duration-ms="1" status="PASS">
          <reporter-output>
          </reporter-output>
        </test-method> <!-- testDeatils -->
        <test-method is-config="true" signature="browserLaunchAndUrlLoad(java.lang.String,java.lang.String)[pri:0, instance:tests.RequestLoanModule@18078bef]" started-at="2025-07-01T18:40:48 IST" name="browserLaunchAndUrlLoad" finished-at="2025-07-01T18:40:53 IST" duration-ms="5203" status="PASS">
          <params>
            <param index="0">
              <value>
                <![CDATA[Chrome]]>
              </value>
            </param>
            <param index="1">
              <value>
                <![CDATA[https://parabank.parasoft.com/parabank/index.htm]]>
              </value>
            </param>
          </params>
          <reporter-output>
          </reporter-output>
        </test-method> <!-- browserLaunchAndUrlLoad -->
        <test-method signature="RequestLoan(java.lang.String,java.lang.String,java.lang.String,java.lang.String,java.lang.String,java.lang.String,java.lang.String)[pri:0, instance:tests.RequestLoanModule@18078bef]" started-at="2025-07-01T18:40:53 IST" name="RequestLoan" data-provider="readData" finished-at="2025-07-01T18:40:57 IST" duration-ms="3919" status="PASS">
          <params>
            <param index="0">
              <value>
                <![CDATA[Vasi]]>
              </value>
            </param>
            <param index="1">
              <value>
                <![CDATA[nazeer123]]>
              </value>
            </param>
            <param index="2">
              <value>
                <![CDATA[5000]]>
              </value>
            </param>
            <param index="3">
              <value>
                <![CDATA[500]]>
              </value>
            </param>
            <param index="4">
              <value>
                <![CDATA[0]]>
              </value>
            </param>
            <param index="5">
              <value>
                <![CDATA[Approved]]>
              </value>
            </param>
            <param index="6">
              <value>
                <![CDATA[Congratulations, your loan has been approved.]]>
              </value>
            </param>
          </params>
          <reporter-output>
          </reporter-output>
        </test-method> <!-- RequestLoan -->
        <test-method is-config="true" signature="browserLaunchAndUrlLoad(java.lang.String,java.lang.String)[pri:0, instance:tests.RequestLoanModule@18078bef]" started-at="2025-07-01T18:40:57 IST" name="browserLaunchAndUrlLoad" finished-at="2025-07-01T18:41:03 IST" duration-ms="5999" status="PASS">
          <params>
            <param index="0">
              <value>
                <![CDATA[Chrome]]>
              </value>
            </param>
            <param index="1">
              <value>
                <![CDATA[https://parabank.parasoft.com/parabank/index.htm]]>
              </value>
            </param>
          </params>
          <reporter-output>
          </reporter-output>
        </test-method> <!-- browserLaunchAndUrlLoad -->
        <test-method signature="RequestLoan(java.lang.String,java.lang.String,java.lang.String,java.lang.String,java.lang.String,java.lang.String,java.lang.String)[pri:0, instance:tests.RequestLoanModule@18078bef]" started-at="2025-07-01T18:41:03 IST" name="RequestLoan" data-provider="readData" finished-at="2025-07-01T18:41:06 IST" duration-ms="3304" status="PASS">
          <params>
            <param index="0">
              <value>
                <![CDATA[Vasi]]>
              </value>
            </param>
            <param index="1">
              <value>
                <![CDATA[nazeer123]]>
              </value>
            </param>
            <param index="2">
              <value>
                <![CDATA[]]>
              </value>
            </param>
            <param index="3">
              <value>
                <![CDATA[]]>
              </value>
            </param>
            <param index="4">
              <value>
                <![CDATA[]]>
              </value>
            </param>
            <param index="5">
              <value>
                <![CDATA[NoDetails]]>
              </value>
            </param>
            <param index="6">
              <value>
                <![CDATA[An internal error has occurred and has been logged]]>
              </value>
            </param>
          </params>
          <reporter-output>
          </reporter-output>
        </test-method> <!-- RequestLoan -->
        <test-method is-config="true" signature="browserLaunchAndUrlLoad(java.lang.String,java.lang.String)[pri:0, instance:tests.RequestLoanModule@18078bef]" started-at="2025-07-01T18:41:06 IST" name="browserLaunchAndUrlLoad" finished-at="2025-07-01T18:41:12 IST" duration-ms="5491" status="PASS">
          <params>
            <param index="0">
              <value>
                <![CDATA[Chrome]]>
              </value>
            </param>
            <param index="1">
              <value>
                <![CDATA[https://parabank.parasoft.com/parabank/index.htm]]>
              </value>
            </param>
          </params>
          <reporter-output>
          </reporter-output>
        </test-method> <!-- browserLaunchAndUrlLoad -->
        <test-method signature="RequestLoan(java.lang.String,java.lang.String,java.lang.String,java.lang.String,java.lang.String,java.lang.String,java.lang.String)[pri:0, instance:tests.RequestLoanModule@18078bef]" started-at="2025-07-01T18:41:12 IST" name="RequestLoan" data-provider="readData" finished-at="2025-07-01T18:41:15 IST" duration-ms="3196" status="PASS">
          <params>
            <param index="0">
              <value>
                <![CDATA[Vasi]]>
              </value>
            </param>
            <param index="1">
              <value>
                <![CDATA[nazeer123]]>
              </value>
            </param>
            <param index="2">
              <value>
                <![CDATA[20000]]>
              </value>
            </param>
            <param index="3">
              <value>
                <![CDATA[1000]]>
              </value>
            </param>
            <param index="4">
              <value>
                <![CDATA[0]]>
              </value>
            </param>
            <param index="5">
              <value>
                <![CDATA[Denied]]>
              </value>
            </param>
            <param index="6">
              <value>
                <![CDATA[We cannot grant a loan in that amount with your available funds.]]>
              </value>
            </param>
          </params>
          <reporter-output>
          </reporter-output>
        </test-method> <!-- RequestLoan -->
        <test-method is-config="true" signature="browserLaunchAndUrlLoad(java.lang.String,java.lang.String)[pri:0, instance:tests.RequestLoanModule@18078bef]" started-at="2025-07-01T18:41:15 IST" name="browserLaunchAndUrlLoad" finished-at="2025-07-01T18:41:21 IST" duration-ms="5628" status="PASS">
          <params>
            <param index="0">
              <value>
                <![CDATA[Chrome]]>
              </value>
            </param>
            <param index="1">
              <value>
                <![CDATA[https://parabank.parasoft.com/parabank/index.htm]]>
              </value>
            </param>
          </params>
          <reporter-output>
          </reporter-output>
        </test-method> <!-- browserLaunchAndUrlLoad -->
        <test-method signature="RequestLoan(java.lang.String,java.lang.String,java.lang.String,java.lang.String,java.lang.String,java.lang.String,java.lang.String)[pri:0, instance:tests.RequestLoanModule@18078bef]" started-at="2025-07-01T18:41:21 IST" name="RequestLoan" data-provider="readData" finished-at="2025-07-01T18:41:24 IST" duration-ms="3709" status="PASS">
          <params>
            <param index="0">
              <value>
                <![CDATA[Vasi]]>
              </value>
            </param>
            <param index="1">
              <value>
                <![CDATA[nazeer123]]>
              </value>
            </param>
            <param index="2">
              <value>
                <![CDATA[5]]>
              </value>
            </param>
            <param index="3">
              <value>
                <![CDATA[500000]]>
              </value>
            </param>
            <param index="4">
              <value>
                <![CDATA[0]]>
              </value>
            </param>
            <param index="5">
              <value>
                <![CDATA[InsufficientFund]]>
              </value>
            </param>
            <param index="6">
              <value>
                <![CDATA[You do not have sufficient funds for the given down payment.]]>
              </value>
            </param>
          </params>
          <reporter-output>
          </reporter-output>
        </test-method> <!-- RequestLoan -->
      </class> <!-- tests.RequestLoanModule -->
      <class name="tests.OpenNewAccountModule">
        <test-method is-config="true" signature="setup()[pri:0, instance:tests.OpenNewAccountModule@351d00c0]" started-at="2025-07-01T18:37:53 IST" name="setup" finished-at="2025-07-01T18:37:53 IST" duration-ms="0" status="PASS">
          <reporter-output>
          </reporter-output>
        </test-method> <!-- setup -->
        <test-method is-config="true" signature="testDeatils()[pri:0, instance:tests.OpenNewAccountModule@351d00c0]" started-at="2025-07-01T18:38:27 IST" name="testDeatils" finished-at="2025-07-01T18:38:27 IST" duration-ms="2" status="PASS">
          <reporter-output>
          </reporter-output>
        </test-method> <!-- testDeatils -->
        <test-method is-config="true" signature="browserLaunchAndUrlLoad(java.lang.String,java.lang.String)[pri:0, instance:tests.OpenNewAccountModule@351d00c0]" started-at="2025-07-01T18:38:27 IST" name="browserLaunchAndUrlLoad" finished-at="2025-07-01T18:38:33 IST" duration-ms="5834" status="PASS">
          <params>
            <param index="0">
              <value>
                <![CDATA[Chrome]]>
              </value>
            </param>
            <param index="1">
              <value>
                <![CDATA[https://parabank.parasoft.com/parabank/index.htm]]>
              </value>
            </param>
          </params>
          <reporter-output>
          </reporter-output>
        </test-method> <!-- browserLaunchAndUrlLoad -->
        <test-method signature="AccountDetailsNewAcct(java.lang.String,java.lang.String,java.lang.String)[pri:0, instance:tests.OpenNewAccountModule@351d00c0]" started-at="2025-07-01T18:38:33 IST" name="AccountDetailsNewAcct" data-provider="readData" finished-at="2025-07-01T18:38:37 IST" duration-ms="3530" status="PASS">
          <params>
            <param index="0">
              <value>
                <![CDATA[Vasi]]>
              </value>
            </param>
            <param index="1">
              <value>
                <![CDATA[nazeer123]]>
              </value>
            </param>
            <param index="2">
              <value>
                <![CDATA[0]]>
              </value>
            </param>
          </params>
          <reporter-output>
          </reporter-output>
        </test-method> <!-- AccountDetailsNewAcct -->
        <test-method is-config="true" signature="browserLaunchAndUrlLoad(java.lang.String,java.lang.String)[pri:0, instance:tests.OpenNewAccountModule@351d00c0]" started-at="2025-07-01T18:38:37 IST" name="browserLaunchAndUrlLoad" finished-at="2025-07-01T18:38:42 IST" duration-ms="4766" status="PASS">
          <params>
            <param index="0">
              <value>
                <![CDATA[Chrome]]>
              </value>
            </param>
            <param index="1">
              <value>
                <![CDATA[https://parabank.parasoft.com/parabank/index.htm]]>
              </value>
            </param>
          </params>
          <reporter-output>
          </reporter-output>
        </test-method> <!-- browserLaunchAndUrlLoad -->
        <test-method signature="AccountDetailsNewAcct(java.lang.String,java.lang.String,java.lang.String)[pri:0, instance:tests.OpenNewAccountModule@351d00c0]" started-at="2025-07-01T18:38:42 IST" name="AccountDetailsNewAcct" data-provider="readData" finished-at="2025-07-01T18:38:45 IST" duration-ms="3511" status="PASS">
          <params>
            <param index="0">
              <value>
                <![CDATA[Vasi]]>
              </value>
            </param>
            <param index="1">
              <value>
                <![CDATA[nazeer123]]>
              </value>
            </param>
            <param index="2">
              <value>
                <![CDATA[1]]>
              </value>
            </param>
          </params>
          <reporter-output>
          </reporter-output>
        </test-method> <!-- AccountDetailsNewAcct -->
      </class> <!-- tests.OpenNewAccountModule -->
      <class name="tests.NavigationTestModule">
        <test-method is-config="true" signature="setup()[pri:0, instance:tests.NavigationTestModule@35d019a3]" started-at="2025-07-01T18:37:53 IST" name="setup" finished-at="2025-07-01T18:37:53 IST" duration-ms="1" status="PASS">
          <reporter-output>
          </reporter-output>
        </test-method> <!-- setup -->
        <test-method is-config="true" signature="testDeatils()[pri:0, instance:tests.NavigationTestModule@35d019a3]" started-at="2025-07-01T18:40:02 IST" name="testDeatils" finished-at="2025-07-01T18:40:02 IST" duration-ms="1" status="PASS">
          <reporter-output>
          </reporter-output>
        </test-method> <!-- testDeatils -->
        <test-method is-config="true" signature="browserLaunchAndUrlLoad(java.lang.String,java.lang.String)[pri:0, instance:tests.NavigationTestModule@35d019a3]" started-at="2025-07-01T18:40:02 IST" name="browserLaunchAndUrlLoad" finished-at="2025-07-01T18:40:08 IST" duration-ms="5824" status="PASS">
          <params>
            <param index="0">
              <value>
                <![CDATA[Chrome]]>
              </value>
            </param>
            <param index="1">
              <value>
                <![CDATA[https://parabank.parasoft.com/parabank/index.htm]]>
              </value>
            </param>
          </params>
          <reporter-output>
          </reporter-output>
        </test-method> <!-- browserLaunchAndUrlLoad -->
        <test-method signature="NavigationTest()[pri:1, instance:tests.NavigationTestModule@35d019a3]" started-at="2025-07-01T18:40:08 IST" name="NavigationTest" finished-at="2025-07-01T18:40:09 IST" duration-ms="1627" status="PASS">
          <reporter-output>
          </reporter-output>
        </test-method> <!-- NavigationTest -->
        <test-method is-config="true" signature="browserLaunchAndUrlLoad(java.lang.String,java.lang.String)[pri:0, instance:tests.NavigationTestModule@35d019a3]" started-at="2025-07-01T18:40:09 IST" name="browserLaunchAndUrlLoad" finished-at="2025-07-01T18:40:15 IST" duration-ms="5308" status="PASS">
          <params>
            <param index="0">
              <value>
                <![CDATA[Chrome]]>
              </value>
            </param>
            <param index="1">
              <value>
                <![CDATA[https://parabank.parasoft.com/parabank/index.htm]]>
              </value>
            </param>
          </params>
          <reporter-output>
          </reporter-output>
        </test-method> <!-- browserLaunchAndUrlLoad -->
        <test-method signature="ActionButtonsVisibility()[pri:2, instance:tests.NavigationTestModule@35d019a3]" started-at="2025-07-01T18:40:15 IST" name="ActionButtonsVisibility" finished-at="2025-07-01T18:40:15 IST" duration-ms="219" status="PASS">
          <reporter-output>
          </reporter-output>
        </test-method> <!-- ActionButtonsVisibility -->
        <test-method is-config="true" signature="browserLaunchAndUrlLoad(java.lang.String,java.lang.String)[pri:0, instance:tests.NavigationTestModule@35d019a3]" started-at="2025-07-01T18:40:15 IST" name="browserLaunchAndUrlLoad" finished-at="2025-07-01T18:40:21 IST" duration-ms="5336" status="PASS">
          <params>
            <param index="0">
              <value>
                <![CDATA[Chrome]]>
              </value>
            </param>
            <param index="1">
              <value>
                <![CDATA[https://parabank.parasoft.com/parabank/index.htm]]>
              </value>
            </param>
          </params>
          <reporter-output>
          </reporter-output>
        </test-method> <!-- browserLaunchAndUrlLoad -->
        <test-method signature="FontConsistency()[pri:3, instance:tests.NavigationTestModule@35d019a3]" started-at="2025-07-01T18:40:21 IST" name="FontConsistency" finished-at="2025-07-01T18:40:22 IST" duration-ms="1165" status="PASS">
          <reporter-output>
          </reporter-output>
        </test-method> <!-- FontConsistency -->
      </class> <!-- tests.NavigationTestModule -->
      <class name="tests.LoginModule">
        <test-method is-config="true" signature="createReport()[pri:0, instance:tests.LoginModule@f6efaab]" started-at="2025-07-01T18:37:52 IST" name="createReport" finished-at="2025-07-01T18:37:53 IST" duration-ms="236" status="PASS">
          <reporter-output>
          </reporter-output>
        </test-method> <!-- createReport -->
        <test-method is-config="true" signature="setup()[pri:0, instance:tests.LoginModule@f6efaab]" started-at="2025-07-01T18:37:53 IST" name="setup" finished-at="2025-07-01T18:37:53 IST" duration-ms="0" status="PASS">
          <reporter-output>
          </reporter-output>
        </test-method> <!-- setup -->
        <test-method is-config="true" signature="testDeatils()[pri:0, instance:tests.LoginModule@f6efaab]" started-at="2025-07-01T18:37:53 IST" name="testDeatils" finished-at="2025-07-01T18:37:53 IST" duration-ms="10" status="PASS">
          <reporter-output>
          </reporter-output>
        </test-method> <!-- testDeatils -->
        <test-method is-config="true" signature="browserLaunchAndUrlLoad(java.lang.String,java.lang.String)[pri:0, instance:tests.LoginModule@f6efaab]" started-at="2025-07-01T18:37:53 IST" name="browserLaunchAndUrlLoad" finished-at="2025-07-01T18:38:00 IST" duration-ms="7223" status="PASS">
          <params>
            <param index="0">
              <value>
                <![CDATA[Chrome]]>
              </value>
            </param>
            <param index="1">
              <value>
                <![CDATA[https://parabank.parasoft.com/parabank/index.htm]]>
              </value>
            </param>
          </params>
          <reporter-output>
          </reporter-output>
        </test-method> <!-- browserLaunchAndUrlLoad -->
        <test-method signature="testPasswordFieldIsMasked()[pri:1, instance:tests.LoginModule@f6efaab]" started-at="2025-07-01T18:38:00 IST" name="testPasswordFieldIsMasked" finished-at="2025-07-01T18:38:00 IST" duration-ms="94" status="PASS">
          <reporter-output>
          </reporter-output>
        </test-method> <!-- testPasswordFieldIsMasked -->
        <test-method is-config="true" signature="browserLaunchAndUrlLoad(java.lang.String,java.lang.String)[pri:0, instance:tests.LoginModule@f6efaab]" started-at="2025-07-01T18:38:01 IST" name="browserLaunchAndUrlLoad" finished-at="2025-07-01T18:38:06 IST" duration-ms="5499" status="PASS">
          <params>
            <param index="0">
              <value>
                <![CDATA[Chrome]]>
              </value>
            </param>
            <param index="1">
              <value>
                <![CDATA[https://parabank.parasoft.com/parabank/index.htm]]>
              </value>
            </param>
          </params>
          <reporter-output>
          </reporter-output>
        </test-method> <!-- browserLaunchAndUrlLoad -->
        <test-method signature="LoginTest(java.lang.String,java.lang.String,java.lang.String,java.lang.String)[pri:2, instance:tests.LoginModule@f6efaab]" started-at="2025-07-01T18:38:06 IST" name="LoginTest" data-provider="readData" finished-at="2025-07-01T18:38:09 IST" duration-ms="2050" status="PASS">
          <params>
            <param index="0">
              <value>
                <![CDATA[Vasi]]>
              </value>
            </param>
            <param index="1">
              <value>
                <![CDATA[nazeer123]]>
              </value>
            </param>
            <param index="2">
              <value>
                <![CDATA[Valid]]>
              </value>
            </param>
            <param index="3">
              <value>
                <![CDATA[Account Services]]>
              </value>
            </param>
          </params>
          <reporter-output>
          </reporter-output>
        </test-method> <!-- LoginTest -->
        <test-method is-config="true" signature="browserLaunchAndUrlLoad(java.lang.String,java.lang.String)[pri:0, instance:tests.LoginModule@f6efaab]" started-at="2025-07-01T18:38:09 IST" name="browserLaunchAndUrlLoad" finished-at="2025-07-01T18:38:14 IST" duration-ms="5007" status="PASS">
          <params>
            <param index="0">
              <value>
                <![CDATA[Chrome]]>
              </value>
            </param>
            <param index="1">
              <value>
                <![CDATA[https://parabank.parasoft.com/parabank/index.htm]]>
              </value>
            </param>
          </params>
          <reporter-output>
          </reporter-output>
        </test-method> <!-- browserLaunchAndUrlLoad -->
        <test-method signature="LoginTest(java.lang.String,java.lang.String,java.lang.String,java.lang.String)[pri:2, instance:tests.LoginModule@f6efaab]" started-at="2025-07-01T18:38:14 IST" name="LoginTest" data-provider="readData" finished-at="2025-07-01T18:38:15 IST" duration-ms="1603" status="PASS">
          <params>
            <param index="0">
              <value>
                <![CDATA[Thor]]>
              </value>
            </param>
            <param index="1">
              <value>
                <![CDATA[Abdul12]]>
              </value>
            </param>
            <param index="2">
              <value>
                <![CDATA[Invalid Password]]>
              </value>
            </param>
            <param index="3">
              <value>
                <![CDATA[The username and password could not be verified.]]>
              </value>
            </param>
          </params>
          <reporter-output>
          </reporter-output>
        </test-method> <!-- LoginTest -->
        <test-method is-config="true" signature="browserLaunchAndUrlLoad(java.lang.String,java.lang.String)[pri:0, instance:tests.LoginModule@f6efaab]" started-at="2025-07-01T18:38:15 IST" name="browserLaunchAndUrlLoad" finished-at="2025-07-01T18:38:20 IST" duration-ms="4722" status="PASS">
          <params>
            <param index="0">
              <value>
                <![CDATA[Chrome]]>
              </value>
            </param>
            <param index="1">
              <value>
                <![CDATA[https://parabank.parasoft.com/parabank/index.htm]]>
              </value>
            </param>
          </params>
          <reporter-output>
          </reporter-output>
        </test-method> <!-- browserLaunchAndUrlLoad -->
        <test-method signature="LoginTest(java.lang.String,java.lang.String,java.lang.String,java.lang.String)[pri:2, instance:tests.LoginModule@f6efaab]" started-at="2025-07-01T18:38:20 IST" name="LoginTest" data-provider="readData" finished-at="2025-07-01T18:38:21 IST" duration-ms="1027" status="PASS">
          <params>
            <param index="0">
              <value>
                <![CDATA[]]>
              </value>
            </param>
            <param index="1">
              <value>
                <![CDATA[]]>
              </value>
            </param>
            <param index="2">
              <value>
                <![CDATA[Nodata]]>
              </value>
            </param>
            <param index="3">
              <value>
                <![CDATA[Please enter a username and password.]]>
              </value>
            </param>
          </params>
          <reporter-output>
          </reporter-output>
        </test-method> <!-- LoginTest -->
        <test-method is-config="true" signature="browserLaunchAndUrlLoad(java.lang.String,java.lang.String)[pri:0, instance:tests.LoginModule@f6efaab]" started-at="2025-07-01T18:38:21 IST" name="browserLaunchAndUrlLoad" finished-at="2025-07-01T18:38:26 IST" duration-ms="4820" status="PASS">
          <params>
            <param index="0">
              <value>
                <![CDATA[Chrome]]>
              </value>
            </param>
            <param index="1">
              <value>
                <![CDATA[https://parabank.parasoft.com/parabank/index.htm]]>
              </value>
            </param>
          </params>
          <reporter-output>
          </reporter-output>
        </test-method> <!-- browserLaunchAndUrlLoad -->
        <test-method signature="LoginTest(java.lang.String,java.lang.String,java.lang.String,java.lang.String)[pri:2, instance:tests.LoginModule@f6efaab]" started-at="2025-07-01T18:38:26 IST" name="LoginTest" data-provider="readData" finished-at="2025-07-01T18:38:27 IST" duration-ms="1134" status="PASS">
          <params>
            <param index="0">
              <value>
                <![CDATA[Unknown]]>
              </value>
            </param>
            <param index="1">
              <value>
                <![CDATA[Unknown]]>
              </value>
            </param>
            <param index="2">
              <value>
                <![CDATA[Not Registered]]>
              </value>
            </param>
            <param index="3">
              <value>
                <![CDATA[The username and password could not be verified.]]>
              </value>
            </param>
          </params>
          <reporter-output>
          </reporter-output>
        </test-method> <!-- LoginTest -->
        <test-method is-config="true" signature="closeReport()[pri:0, instance:tests.LoginModule@f6efaab]" started-at="2025-07-01T18:41:25 IST" name="closeReport" finished-at="2025-07-01T18:41:25 IST" duration-ms="424" status="PASS">
          <reporter-output>
          </reporter-output>
        </test-method> <!-- closeReport -->
      </class> <!-- tests.LoginModule -->
      <class name="tests.TransferFundsModule">
        <test-method is-config="true" signature="setup()[pri:0, instance:tests.TransferFundsModule@55b699ef]" started-at="2025-07-01T18:37:53 IST" name="setup" finished-at="2025-07-01T18:37:53 IST" duration-ms="0" status="PASS">
          <reporter-output>
          </reporter-output>
        </test-method> <!-- setup -->
        <test-method is-config="true" signature="testDeatils()[pri:0, instance:tests.TransferFundsModule@55b699ef]" started-at="2025-07-01T18:39:25 IST" name="testDeatils" finished-at="2025-07-01T18:39:25 IST" duration-ms="1" status="PASS">
          <reporter-output>
          </reporter-output>
        </test-method> <!-- testDeatils -->
        <test-method is-config="true" signature="browserLaunchAndUrlLoad(java.lang.String,java.lang.String)[pri:0, instance:tests.TransferFundsModule@55b699ef]" started-at="2025-07-01T18:39:25 IST" name="browserLaunchAndUrlLoad" finished-at="2025-07-01T18:39:30 IST" duration-ms="4917" status="PASS">
          <params>
            <param index="0">
              <value>
                <![CDATA[Chrome]]>
              </value>
            </param>
            <param index="1">
              <value>
                <![CDATA[https://parabank.parasoft.com/parabank/index.htm]]>
              </value>
            </param>
          </params>
          <reporter-output>
          </reporter-output>
        </test-method> <!-- browserLaunchAndUrlLoad -->
        <test-method signature="TransferFunds(java.lang.String,java.lang.String,java.lang.String,java.lang.String,java.lang.String,java.lang.String,java.lang.String)[pri:0, instance:tests.TransferFundsModule@55b699ef]" started-at="2025-07-01T18:39:30 IST" name="TransferFunds" data-provider="readData" finished-at="2025-07-01T18:39:34 IST" duration-ms="4556" status="PASS">
          <params>
            <param index="0">
              <value>
                <![CDATA[Vasi]]>
              </value>
            </param>
            <param index="1">
              <value>
                <![CDATA[nazeer123]]>
              </value>
            </param>
            <param index="2">
              <value>
                <![CDATA[100]]>
              </value>
            </param>
            <param index="3">
              <value>
                <![CDATA[0]]>
              </value>
            </param>
            <param index="4">
              <value>
                <![CDATA[0]]>
              </value>
            </param>
            <param index="5">
              <value>
                <![CDATA[Valid]]>
              </value>
            </param>
            <param index="6">
              <value>
                <![CDATA[Transfer Complete!]]>
              </value>
            </param>
          </params>
          <reporter-output>
          </reporter-output>
        </test-method> <!-- TransferFunds -->
        <test-method is-config="true" signature="browserLaunchAndUrlLoad(java.lang.String,java.lang.String)[pri:0, instance:tests.TransferFundsModule@55b699ef]" started-at="2025-07-01T18:39:34 IST" name="browserLaunchAndUrlLoad" finished-at="2025-07-01T18:39:39 IST" duration-ms="5127" status="PASS">
          <params>
            <param index="0">
              <value>
                <![CDATA[Chrome]]>
              </value>
            </param>
            <param index="1">
              <value>
                <![CDATA[https://parabank.parasoft.com/parabank/index.htm]]>
              </value>
            </param>
          </params>
          <reporter-output>
          </reporter-output>
        </test-method> <!-- browserLaunchAndUrlLoad -->
        <test-method signature="TransferFunds(java.lang.String,java.lang.String,java.lang.String,java.lang.String,java.lang.String,java.lang.String,java.lang.String)[pri:0, instance:tests.TransferFundsModule@55b699ef]" started-at="2025-07-01T18:39:39 IST" name="TransferFunds" data-provider="readData" finished-at="2025-07-01T18:39:44 IST" duration-ms="5008" status="PASS">
          <params>
            <param index="0">
              <value>
                <![CDATA[Vasi]]>
              </value>
            </param>
            <param index="1">
              <value>
                <![CDATA[nazeer123]]>
              </value>
            </param>
            <param index="2">
              <value>
                <![CDATA[1@#$567]]>
              </value>
            </param>
            <param index="3">
              <value>
                <![CDATA[0]]>
              </value>
            </param>
            <param index="4">
              <value>
                <![CDATA[0]]>
              </value>
            </param>
            <param index="5">
              <value>
                <![CDATA[Invalid]]>
              </value>
            </param>
            <param index="6">
              <value>
                <![CDATA[An internal error has occurred and has been logged.]]>
              </value>
            </param>
          </params>
          <reporter-output>
          </reporter-output>
        </test-method> <!-- TransferFunds -->
        <test-method is-config="true" signature="browserLaunchAndUrlLoad(java.lang.String,java.lang.String)[pri:0, instance:tests.TransferFundsModule@55b699ef]" started-at="2025-07-01T18:39:45 IST" name="browserLaunchAndUrlLoad" finished-at="2025-07-01T18:39:50 IST" duration-ms="4998" status="PASS">
          <params>
            <param index="0">
              <value>
                <![CDATA[Chrome]]>
              </value>
            </param>
            <param index="1">
              <value>
                <![CDATA[https://parabank.parasoft.com/parabank/index.htm]]>
              </value>
            </param>
          </params>
          <reporter-output>
          </reporter-output>
        </test-method> <!-- browserLaunchAndUrlLoad -->
        <test-method signature="TransferFunds(java.lang.String,java.lang.String,java.lang.String,java.lang.String,java.lang.String,java.lang.String,java.lang.String)[pri:0, instance:tests.TransferFundsModule@55b699ef]" started-at="2025-07-01T18:39:50 IST" name="TransferFunds" data-provider="readData" finished-at="2025-07-01T18:39:54 IST" duration-ms="4806" status="PASS">
          <params>
            <param index="0">
              <value>
                <![CDATA[Vasi]]>
              </value>
            </param>
            <param index="1">
              <value>
                <![CDATA[nazeer123]]>
              </value>
            </param>
            <param index="2">
              <value>
                <![CDATA[]]>
              </value>
            </param>
            <param index="3">
              <value>
                <![CDATA[0]]>
              </value>
            </param>
            <param index="4">
              <value>
                <![CDATA[0]]>
              </value>
            </param>
            <param index="5">
              <value>
                <![CDATA[No User]]>
              </value>
            </param>
            <param index="6">
              <value>
                <![CDATA[An internal error has occurred and has been logged.]]>
              </value>
            </param>
          </params>
          <reporter-output>
          </reporter-output>
        </test-method> <!-- TransferFunds -->
        <test-method is-config="true" signature="browserLaunchAndUrlLoad(java.lang.String,java.lang.String)[pri:0, instance:tests.TransferFundsModule@55b699ef]" started-at="2025-07-01T18:39:55 IST" name="browserLaunchAndUrlLoad" finished-at="2025-07-01T18:40:00 IST" duration-ms="4974" status="PASS">
          <params>
            <param index="0">
              <value>
                <![CDATA[Chrome]]>
              </value>
            </param>
            <param index="1">
              <value>
                <![CDATA[https://parabank.parasoft.com/parabank/index.htm]]>
              </value>
            </param>
          </params>
          <reporter-output>
          </reporter-output>
        </test-method> <!-- browserLaunchAndUrlLoad -->
        <test-method signature="TransferFunds(java.lang.String,java.lang.String,java.lang.String,java.lang.String,java.lang.String,java.lang.String,java.lang.String)[pri:0, instance:tests.TransferFundsModule@55b699ef]" started-at="2025-07-01T18:40:00 IST" name="TransferFunds" data-provider="readData" finished-at="2025-07-01T18:40:02 IST" duration-ms="2115" status="FAIL">
          <params>
            <param index="0">
              <value>
                <![CDATA[Vasi]]>
              </value>
            </param>
            <param index="1">
              <value>
                <![CDATA[nazeer123]]>
              </value>
            </param>
            <param index="2">
              <value>
                <![CDATA[12345678900987654321852369147]]>
              </value>
            </param>
            <param index="3">
              <value>
                <![CDATA[0]]>
              </value>
            </param>
            <param index="4">
              <value>
                <![CDATA[0]]>
              </value>
            </param>
            <param index="5">
              <value>
                <![CDATA[Invalid Amt]]>
              </value>
            </param>
            <param index="6">
              <value>
                <![CDATA[An internal error has occurred and has been logged.]]>
              </value>
            </param>
          </params>
          <exception class="org.openqa.selenium.StaleElementReferenceException">
            <message>
              <![CDATA[stale element reference: stale element not found
  (Session info: chrome=138.0.7204.97)
For documentation on this error, please visit: https://www.selenium.dev/documentation/webdriver/troubleshooting/errors#stale-element-reference-exception
Build info: version: '4.32.0', revision: 'd17c8aa950'
System info: os.name: 'Windows 11', os.arch: 'amd64', os.version: '10.0', java.version: '21.0.6'
Driver info: org.openqa.selenium.chrome.ChromeDriver
Command: [fc9ecdb3c700a98d34765ace849a8391, clickElement {id=f.5C67BB09A32252BE4ECE063AD53CECF4.d.06A8DC3EEB6E632F037B9000C872D679.e.23}]
Capabilities {acceptInsecureCerts: false, browserName: chrome, browserVersion: 138.0.7204.97, chrome: {chromedriverVersion: 138.0.7204.92 (f079b9bc781e..., userDataDir: C:\Users\Vaseera\AppData\Lo...}, fedcm:accounts: true, goog:chromeOptions: {debuggerAddress: localhost:59443}, networkConnectionEnabled: false, pageLoadStrategy: normal, platformName: windows, proxy: Proxy(), se:cdp: ws://localhost:59443/devtoo..., se:cdpVersion: 138.0.7204.97, setWindowRect: true, strictFileInteractability: false, timeouts: {implicit: 0, pageLoad: 300000, script: 30000}, unhandledPromptBehavior: dismiss and notify, webauthn:extension:credBlob: true, webauthn:extension:largeBlob: true, webauthn:extension:minPinLength: true, webauthn:extension:prf: true, webauthn:virtualAuthenticators: true}
Element: [[ChromeDriver: chrome on windows (fc9ecdb3c700a98d34765ace849a8391)] -> link text: Transfer Funds]
Session ID: fc9ecdb3c700a98d34765ace849a8391]]>
            </message>
            <full-stacktrace>
              <![CDATA[org.openqa.selenium.StaleElementReferenceException: stale element reference: stale element not found
  (Session info: chrome=138.0.7204.97)
For documentation on this error, please visit: https://www.selenium.dev/documentation/webdriver/troubleshooting/errors#stale-element-reference-exception
Build info: version: '4.32.0', revision: 'd17c8aa950'
System info: os.name: 'Windows 11', os.arch: 'amd64', os.version: '10.0', java.version: '21.0.6'
Driver info: org.openqa.selenium.chrome.ChromeDriver
Command: [fc9ecdb3c700a98d34765ace849a8391, clickElement {id=f.5C67BB09A32252BE4ECE063AD53CECF4.d.06A8DC3EEB6E632F037B9000C872D679.e.23}]
Capabilities {acceptInsecureCerts: false, browserName: chrome, browserVersion: 138.0.7204.97, chrome: {chromedriverVersion: 138.0.7204.92 (f079b9bc781e..., userDataDir: C:\Users\Vaseera\AppData\Lo...}, fedcm:accounts: true, goog:chromeOptions: {debuggerAddress: localhost:59443}, networkConnectionEnabled: false, pageLoadStrategy: normal, platformName: windows, proxy: Proxy(), se:cdp: ws://localhost:59443/devtoo..., se:cdpVersion: 138.0.7204.97, setWindowRect: true, strictFileInteractability: false, timeouts: {implicit: 0, pageLoad: 300000, script: 30000}, unhandledPromptBehavior: dismiss and notify, webauthn:extension:credBlob: true, webauthn:extension:largeBlob: true, webauthn:extension:minPinLength: true, webauthn:extension:prf: true, webauthn:virtualAuthenticators: true}
Element: [[ChromeDriver: chrome on windows (fc9ecdb3c700a98d34765ace849a8391)] -> link text: Transfer Funds]
Session ID: fc9ecdb3c700a98d34765ace849a8391
at java.base/jdk.internal.reflect.DirectConstructorHandleAccessor.newInstance(DirectConstructorHandleAccessor.java:62)
at java.base/java.lang.reflect.Constructor.newInstanceWithCaller(Constructor.java:502)
at java.base/java.lang.reflect.Constructor.newInstance(Constructor.java:486)
at org.openqa.selenium.remote.ErrorCodec.decode(ErrorCodec.java:167)
at org.openqa.selenium.remote.codec.w3c.W3CHttpResponseCodec.decode(W3CHttpResponseCodec.java:138)
at org.openqa.selenium.remote.codec.w3c.W3CHttpResponseCodec.decode(W3CHttpResponseCodec.java:50)
at org.openqa.selenium.remote.HttpCommandExecutor.execute(HttpCommandExecutor.java:215)
at org.openqa.selenium.remote.service.DriverCommandExecutor.invokeExecute(DriverCommandExecutor.java:216)
at org.openqa.selenium.remote.service.DriverCommandExecutor.execute(DriverCommandExecutor.java:174)
at org.openqa.selenium.remote.RemoteWebDriver.execute(RemoteWebDriver.java:545)
at org.openqa.selenium.remote.RemoteWebElement.execute(RemoteWebElement.java:223)
at org.openqa.selenium.remote.RemoteWebElement.click(RemoteWebElement.java:76)
at java.base/jdk.internal.reflect.DirectMethodHandleAccessor.invoke(DirectMethodHandleAccessor.java:103)
at java.base/java.lang.reflect.Method.invoke(Method.java:580)
at org.openqa.selenium.support.pagefactory.internal.LocatingElementHandler.invoke(LocatingElementHandler.java:51)
at jdk.proxy2/jdk.proxy2.$Proxy16.click(Unknown Source)
at pages.AccountServicePage.TransferFunds(AccountServicePage.java:53)
at tests.TransferFundsModule.TransferFunds(TransferFundsModule.java:31)
at java.base/jdk.internal.reflect.DirectMethodHandleAccessor.invoke(DirectMethodHandleAccessor.java:103)
at java.base/java.lang.reflect.Method.invoke(Method.java:580)
at org.testng.internal.invokers.MethodInvocationHelper.invokeMethod(MethodInvocationHelper.java:141)
at org.testng.internal.invokers.TestInvoker.invokeMethod(TestInvoker.java:687)
at org.testng.internal.invokers.TestInvoker.invokeTestMethod(TestInvoker.java:230)
at org.testng.internal.invokers.MethodRunner.runInSequence(MethodRunner.java:63)
at org.testng.internal.invokers.TestInvoker$MethodInvocationAgent.invoke(TestInvoker.java:995)
at org.testng.internal.invokers.TestInvoker.invokeTestMethods(TestInvoker.java:203)
at org.testng.internal.invokers.TestMethodWorker.invokeTestMethods(TestMethodWorker.java:154)
at org.testng.internal.invokers.TestMethodWorker.run(TestMethodWorker.java:134)
at java.base/java.util.ArrayList.forEach(ArrayList.java:1596)
at org.testng.TestRunner.privateRun(TestRunner.java:741)
at org.testng.TestRunner.run(TestRunner.java:616)
at org.testng.SuiteRunner.runTest(SuiteRunner.java:421)
at org.testng.SuiteRunner.runSequentially(SuiteRunner.java:413)
at org.testng.SuiteRunner.privateRun(SuiteRunner.java:373)
at org.testng.SuiteRunner.run(SuiteRunner.java:312)
at org.testng.SuiteRunnerWorker.runSuite(SuiteRunnerWorker.java:52)
at org.testng.SuiteRunnerWorker.run(SuiteRunnerWorker.java:95)
at org.testng.TestNG.runSuitesSequentially(TestNG.java:1274)
at org.testng.TestNG.runSuitesLocally(TestNG.java:1208)
at org.testng.TestNG.runSuites(TestNG.java:1112)
at org.testng.TestNG.run(TestNG.java:1079)
at org.apache.maven.surefire.testng.TestNGExecutor.run(TestNGExecutor.java:308)
at org.apache.maven.surefire.testng.TestNGXmlTestSuite.execute(TestNGXmlTestSuite.java:71)
at org.apache.maven.surefire.testng.TestNGProvider.invoke(TestNGProvider.java:113)
at org.apache.maven.surefire.booter.ForkedBooter.runSuitesInProcess(ForkedBooter.java:385)
at org.apache.maven.surefire.booter.ForkedBooter.execute(ForkedBooter.java:162)
at org.apache.maven.surefire.booter.ForkedBooter.run(ForkedBooter.java:507)
at org.apache.maven.surefire.booter.ForkedBooter.main(ForkedBooter.java:495)
]]>
            </full-stacktrace>
          </exception> <!-- org.openqa.selenium.StaleElementReferenceException -->
          <reporter-output>
          </reporter-output>
        </test-method> <!-- TransferFunds -->
      </class> <!-- tests.TransferFundsModule -->
      <class name="tests.CustomerCareModule">
        <test-method is-config="true" signature="setup()[pri:0, instance:tests.CustomerCareModule@2a3b5b47]" started-at="2025-07-01T18:37:53 IST" name="setup" finished-at="2025-07-01T18:37:53 IST" duration-ms="0" status="PASS">
          <reporter-output>
          </reporter-output>
        </test-method> <!-- setup -->
        <test-method is-config="true" signature="testDeatils()[pri:0, instance:tests.CustomerCareModule@2a3b5b47]" started-at="2025-07-01T18:38:45 IST" name="testDeatils" finished-at="2025-07-01T18:38:45 IST" duration-ms="0" status="PASS">
          <reporter-output>
          </reporter-output>
        </test-method> <!-- testDeatils -->
        <test-method is-config="true" signature="browserLaunchAndUrlLoad(java.lang.String,java.lang.String)[pri:0, instance:tests.CustomerCareModule@2a3b5b47]" started-at="2025-07-01T18:38:45 IST" name="browserLaunchAndUrlLoad" finished-at="2025-07-01T18:38:51 IST" duration-ms="5375" status="PASS">
          <params>
            <param index="0">
              <value>
                <![CDATA[Chrome]]>
              </value>
            </param>
            <param index="1">
              <value>
                <![CDATA[https://parabank.parasoft.com/parabank/index.htm]]>
              </value>
            </param>
          </params>
          <reporter-output>
          </reporter-output>
        </test-method> <!-- browserLaunchAndUrlLoad -->
        <test-method signature="SupportService(java.lang.String,java.lang.String,java.lang.String,java.lang.String,java.lang.String,java.lang.String)[pri:0, instance:tests.CustomerCareModule@2a3b5b47]" started-at="2025-07-01T18:38:51 IST" name="SupportService" data-provider="readData" finished-at="2025-07-01T18:38:54 IST" duration-ms="3004" status="PASS">
          <params>
            <param index="0">
              <value>
                <![CDATA[May]]>
              </value>
            </param>
            <param index="1">
              <value>
                <![CDATA[maytest@gmail.com]]>
              </value>
            </param>
            <param index="2">
              <value>
                <![CDATA[6699550077]]>
              </value>
            </param>
            <param index="3">
              <value>
                <![CDATA[Need Help with transfer funds]]>
              </value>
            </param>
            <param index="4">
              <value>
                <![CDATA[valid]]>
              </value>
            </param>
            <param index="5">
              <value>
                <![CDATA[A Customer Care Representative will be contacting you.]]>
              </value>
            </param>
          </params>
          <reporter-output>
          </reporter-output>
        </test-method> <!-- SupportService -->
        <test-method is-config="true" signature="browserLaunchAndUrlLoad(java.lang.String,java.lang.String)[pri:0, instance:tests.CustomerCareModule@2a3b5b47]" started-at="2025-07-01T18:38:54 IST" name="browserLaunchAndUrlLoad" finished-at="2025-07-01T18:39:00 IST" duration-ms="6166" status="PASS">
          <params>
            <param index="0">
              <value>
                <![CDATA[Chrome]]>
              </value>
            </param>
            <param index="1">
              <value>
                <![CDATA[https://parabank.parasoft.com/parabank/index.htm]]>
              </value>
            </param>
          </params>
          <reporter-output>
          </reporter-output>
        </test-method> <!-- browserLaunchAndUrlLoad -->
        <test-method signature="SupportService(java.lang.String,java.lang.String,java.lang.String,java.lang.String,java.lang.String,java.lang.String)[pri:0, instance:tests.CustomerCareModule@2a3b5b47]" started-at="2025-07-01T18:39:00 IST" name="SupportService" data-provider="readData" finished-at="2025-07-01T18:39:02 IST" duration-ms="1865" status="PASS">
          <params>
            <param index="0">
              <value>
                <![CDATA[]]>
              </value>
            </param>
            <param index="1">
              <value>
                <![CDATA[jane@example.com]]>
              </value>
            </param>
            <param index="2">
              <value>
                <![CDATA[0987654321]]>
              </value>
            </param>
            <param index="3">
              <value>
                <![CDATA[Support issue.]]>
              </value>
            </param>
            <param index="4">
              <value>
                <![CDATA[missing name]]>
              </value>
            </param>
            <param index="5">
              <value>
                <![CDATA[Name is required.]]>
              </value>
            </param>
          </params>
          <reporter-output>
          </reporter-output>
        </test-method> <!-- SupportService -->
        <test-method is-config="true" signature="browserLaunchAndUrlLoad(java.lang.String,java.lang.String)[pri:0, instance:tests.CustomerCareModule@2a3b5b47]" started-at="2025-07-01T18:39:02 IST" name="browserLaunchAndUrlLoad" finished-at="2025-07-01T18:39:07 IST" duration-ms="4749" status="PASS">
          <params>
            <param index="0">
              <value>
                <![CDATA[Chrome]]>
              </value>
            </param>
            <param index="1">
              <value>
                <![CDATA[https://parabank.parasoft.com/parabank/index.htm]]>
              </value>
            </param>
          </params>
          <reporter-output>
          </reporter-output>
        </test-method> <!-- browserLaunchAndUrlLoad -->
        <test-method signature="SupportService(java.lang.String,java.lang.String,java.lang.String,java.lang.String,java.lang.String,java.lang.String)[pri:0, instance:tests.CustomerCareModule@2a3b5b47]" started-at="2025-07-01T18:39:07 IST" name="SupportService" data-provider="readData" finished-at="2025-07-01T18:39:09 IST" duration-ms="2412" status="PASS">
          <params>
            <param index="0">
              <value>
                <![CDATA[John Doe]]>
              </value>
            </param>
            <param index="1">
              <value>
                <![CDATA[]]>
              </value>
            </param>
            <param index="2">
              <value>
                <![CDATA[1234567890]]>
              </value>
            </param>
            <param index="3">
              <value>
                <![CDATA[Need help with login.]]>
              </value>
            </param>
            <param index="4">
              <value>
                <![CDATA[missing email]]>
              </value>
            </param>
            <param index="5">
              <value>
                <![CDATA[Email is required.]]>
              </value>
            </param>
          </params>
          <reporter-output>
          </reporter-output>
        </test-method> <!-- SupportService -->
        <test-method is-config="true" signature="browserLaunchAndUrlLoad(java.lang.String,java.lang.String)[pri:0, instance:tests.CustomerCareModule@2a3b5b47]" started-at="2025-07-01T18:39:09 IST" name="browserLaunchAndUrlLoad" finished-at="2025-07-01T18:39:15 IST" duration-ms="5113" status="PASS">
          <params>
            <param index="0">
              <value>
                <![CDATA[Chrome]]>
              </value>
            </param>
            <param index="1">
              <value>
                <![CDATA[https://parabank.parasoft.com/parabank/index.htm]]>
              </value>
            </param>
          </params>
          <reporter-output>
          </reporter-output>
        </test-method> <!-- browserLaunchAndUrlLoad -->
        <test-method signature="SupportService(java.lang.String,java.lang.String,java.lang.String,java.lang.String,java.lang.String,java.lang.String)[pri:0, instance:tests.CustomerCareModule@2a3b5b47]" started-at="2025-07-01T18:39:15 IST" name="SupportService" data-provider="readData" finished-at="2025-07-01T18:39:17 IST" duration-ms="2469" status="PASS">
          <params>
            <param index="0">
              <value>
                <![CDATA[John Doe]]>
              </value>
            </param>
            <param index="1">
              <value>
                <![CDATA[jane@example.com]]>
              </value>
            </param>
            <param index="2">
              <value>
                <![CDATA[]]>
              </value>
            </param>
            <param index="3">
              <value>
                <![CDATA[Need help with login.]]>
              </value>
            </param>
            <param index="4">
              <value>
                <![CDATA[missing phn]]>
              </value>
            </param>
            <param index="5">
              <value>
                <![CDATA[Phone is required.]]>
              </value>
            </param>
          </params>
          <reporter-output>
          </reporter-output>
        </test-method> <!-- SupportService -->
        <test-method is-config="true" signature="browserLaunchAndUrlLoad(java.lang.String,java.lang.String)[pri:0, instance:tests.CustomerCareModule@2a3b5b47]" started-at="2025-07-01T18:39:17 IST" name="browserLaunchAndUrlLoad" finished-at="2025-07-01T18:39:22 IST" duration-ms="4938" status="PASS">
          <params>
            <param index="0">
              <value>
                <![CDATA[Chrome]]>
              </value>
            </param>
            <param index="1">
              <value>
                <![CDATA[https://parabank.parasoft.com/parabank/index.htm]]>
              </value>
            </param>
          </params>
          <reporter-output>
          </reporter-output>
        </test-method> <!-- browserLaunchAndUrlLoad -->
        <test-method signature="SupportService(java.lang.String,java.lang.String,java.lang.String,java.lang.String,java.lang.String,java.lang.String)[pri:0, instance:tests.CustomerCareModule@2a3b5b47]" started-at="2025-07-01T18:39:22 IST" name="SupportService" data-provider="readData" finished-at="2025-07-01T18:39:24 IST" duration-ms="2303" status="PASS">
          <params>
            <param index="0">
              <value>
                <![CDATA[May]]>
              </value>
            </param>
            <param index="1">
              <value>
                <![CDATA[maytest@gmail]]>
              </value>
            </param>
            <param index="2">
              <value>
                <![CDATA[6655228811]]>
              </value>
            </param>
            <param index="3">
              <value>
                <![CDATA[]]>
              </value>
            </param>
            <param index="4">
              <value>
                <![CDATA[missing msg]]>
              </value>
            </param>
            <param index="5">
              <value>
                <![CDATA[Message is required.]]>
              </value>
            </param>
          </params>
          <reporter-output>
          </reporter-output>
        </test-method> <!-- SupportService -->
      </class> <!-- tests.CustomerCareModule -->
      <class name="tests.FindTransactionModule">
        <test-method is-config="true" signature="setup()[pri:0, instance:tests.FindTransactionModule@689604d9]" started-at="2025-07-01T18:37:53 IST" name="setup" finished-at="2025-07-01T18:37:53 IST" duration-ms="1" status="PASS">
          <reporter-output>
          </reporter-output>
        </test-method> <!-- setup -->
        <test-method is-config="true" signature="testDeatils()[pri:0, instance:tests.FindTransactionModule@689604d9]" started-at="2025-07-01T18:40:22 IST" name="testDeatils" finished-at="2025-07-01T18:40:22 IST" duration-ms="1" status="PASS">
          <reporter-output>
          </reporter-output>
        </test-method> <!-- testDeatils -->
        <test-method is-config="true" signature="browserLaunchAndUrlLoad(java.lang.String,java.lang.String)[pri:0, instance:tests.FindTransactionModule@689604d9]" started-at="2025-07-01T18:40:22 IST" name="browserLaunchAndUrlLoad" finished-at="2025-07-01T18:40:28 IST" duration-ms="5927" status="PASS">
          <params>
            <param index="0">
              <value>
                <![CDATA[Chrome]]>
              </value>
            </param>
            <param index="1">
              <value>
                <![CDATA[https://parabank.parasoft.com/parabank/index.htm]]>
              </value>
            </param>
          </params>
          <reporter-output>
          </reporter-output>
        </test-method> <!-- browserLaunchAndUrlLoad -->
        <test-method signature="FindbyAmount()[pri:0, instance:tests.FindTransactionModule@689604d9]" started-at="2025-07-01T18:40:28 IST" name="FindbyAmount" finished-at="2025-07-01T18:40:30 IST" duration-ms="2667" status="PASS">
          <reporter-output>
          </reporter-output>
        </test-method> <!-- FindbyAmount -->
        <test-method is-config="true" signature="browserLaunchAndUrlLoad(java.lang.String,java.lang.String)[pri:0, instance:tests.FindTransactionModule@689604d9]" started-at="2025-07-01T18:40:31 IST" name="browserLaunchAndUrlLoad" finished-at="2025-07-01T18:40:36 IST" duration-ms="5177" status="PASS">
          <params>
            <param index="0">
              <value>
                <![CDATA[Chrome]]>
              </value>
            </param>
            <param index="1">
              <value>
                <![CDATA[https://parabank.parasoft.com/parabank/index.htm]]>
              </value>
            </param>
          </params>
          <reporter-output>
          </reporter-output>
        </test-method> <!-- browserLaunchAndUrlLoad -->
        <test-method signature="FindbyDate()[pri:0, instance:tests.FindTransactionModule@689604d9]" started-at="2025-07-01T18:40:36 IST" name="FindbyDate" finished-at="2025-07-01T18:40:39 IST" duration-ms="3340" status="PASS">
          <reporter-output>
          </reporter-output>
        </test-method> <!-- FindbyDate -->
        <test-method is-config="true" signature="browserLaunchAndUrlLoad(java.lang.String,java.lang.String)[pri:0, instance:tests.FindTransactionModule@689604d9]" started-at="2025-07-01T18:40:39 IST" name="browserLaunchAndUrlLoad" finished-at="2025-07-01T18:40:44 IST" duration-ms="4944" status="PASS">
          <params>
            <param index="0">
              <value>
                <![CDATA[Chrome]]>
              </value>
            </param>
            <param index="1">
              <value>
                <![CDATA[https://parabank.parasoft.com/parabank/index.htm]]>
              </value>
            </param>
          </params>
          <reporter-output>
          </reporter-output>
        </test-method> <!-- browserLaunchAndUrlLoad -->
        <test-method signature="FindbyFromandToDate()[pri:0, instance:tests.FindTransactionModule@689604d9]" started-at="2025-07-01T18:40:44 IST" name="FindbyFromandToDate" finished-at="2025-07-01T18:40:47 IST" duration-ms="3178" status="PASS">
          <reporter-output>
          </reporter-output>
        </test-method> <!-- FindbyFromandToDate -->
      </class> <!-- tests.FindTransactionModule -->
    </test> <!-- Test -->
  </suite> <!-- Suite -->
</testng-results>
